<?xml version="1.0" encoding="UTF-8"?>
<!-- Generated by org.testng.reporters.JUnitXMLReporter -->
<testsuite hostname="DESKTOP-SU4D5DJ" ignored="0" name="Default test" tests="3" failures="0" timestamp="15 Feb 2018 00:23:05 GMT" time="26.412" errors="0">
  <testcase name="loginPageTitleTest" time="0.015" classname="com.crm.qa.testcases.LoginPageTest"/>
  <testcase name="loginPagelogTest" time="0.035" classname="com.crm.qa.testcases.LoginPageTest"/>
  <testcase name="signIn" time="5.797" classname="com.crm.qa.testcases.LoginPageTest"/>
</testsuite> <!-- Default test -->
