<?xml version="1.0" encoding="UTF-8"?>
<testng-results skipped="0" failed="0" ignored="0" total="3" passed="3">
  <reporter-output>
  </reporter-output>
  <suite name="Default suite" duration-ms="26412" started-at="2018-02-15T00:22:38Z" finished-at="2018-02-15T00:23:05Z">
    <groups>
    </groups>
    <test name="Default test" duration-ms="26412" started-at="2018-02-15T00:22:38Z" finished-at="2018-02-15T00:23:05Z">
      <class name="com.crm.qa.testcases.LoginPageTest">
        <test-method status="PASS" signature="setup()[pri:0, instance:com.crm.qa.testcases.LoginPageTest@f6c48ac]" name="setup" is-config="true" duration-ms="6798" started-at="2018-02-14T19:22:38Z" finished-at="2018-02-14T19:22:45Z">
          <reporter-output>
          </reporter-output>
        </test-method> <!-- setup -->
        <test-method status="PASS" signature="loginPageTitleTest()[pri:1, instance:com.crm.qa.testcases.LoginPageTest@f6c48ac]" name="loginPageTitleTest" duration-ms="15" started-at="2018-02-14T19:22:45Z" finished-at="2018-02-14T19:22:45Z">
          <reporter-output>
          </reporter-output>
        </test-method> <!-- loginPageTitleTest -->
        <test-method status="PASS" signature="tearDown()[pri:0, instance:com.crm.qa.testcases.LoginPageTest@f6c48ac]" name="tearDown" is-config="true" duration-ms="0" started-at="2018-02-14T19:22:45Z" finished-at="2018-02-14T19:22:45Z">
          <reporter-output>
          </reporter-output>
        </test-method> <!-- tearDown -->
        <test-method status="PASS" signature="setup()[pri:0, instance:com.crm.qa.testcases.LoginPageTest@f6c48ac]" name="setup" is-config="true" duration-ms="6724" started-at="2018-02-14T19:22:45Z" finished-at="2018-02-14T19:22:52Z">
          <reporter-output>
          </reporter-output>
        </test-method> <!-- setup -->
        <test-method status="PASS" signature="loginPagelogTest()[pri:2, instance:com.crm.qa.testcases.LoginPageTest@f6c48ac]" name="loginPagelogTest" duration-ms="35" started-at="2018-02-14T19:22:52Z" finished-at="2018-02-14T19:22:52Z">
          <reporter-output>
          </reporter-output>
        </test-method> <!-- loginPagelogTest -->
        <test-method status="PASS" signature="tearDown()[pri:0, instance:com.crm.qa.testcases.LoginPageTest@f6c48ac]" name="tearDown" is-config="true" duration-ms="0" started-at="2018-02-14T19:22:52Z" finished-at="2018-02-14T19:22:52Z">
          <reporter-output>
          </reporter-output>
        </test-method> <!-- tearDown -->
        <test-method status="PASS" signature="setup()[pri:0, instance:com.crm.qa.testcases.LoginPageTest@f6c48ac]" name="setup" is-config="true" duration-ms="7020" started-at="2018-02-14T19:22:52Z" finished-at="2018-02-14T19:22:59Z">
          <reporter-output>
          </reporter-output>
        </test-method> <!-- setup -->
        <test-method status="PASS" signature="signIn()[pri:3, instance:com.crm.qa.testcases.LoginPageTest@f6c48ac]" name="signIn" duration-ms="5797" started-at="2018-02-14T19:22:59Z" finished-at="2018-02-14T19:23:05Z">
          <reporter-output>
          </reporter-output>
        </test-method> <!-- signIn -->
        <test-method status="PASS" signature="tearDown()[pri:0, instance:com.crm.qa.testcases.LoginPageTest@f6c48ac]" name="tearDown" is-config="true" duration-ms="0" started-at="2018-02-14T19:23:05Z" finished-at="2018-02-14T19:23:05Z">
          <reporter-output>
          </reporter-output>
        </test-method> <!-- tearDown -->
      </class> <!-- com.crm.qa.testcases.LoginPageTest -->
    </test> <!-- Default test -->
  </suite> <!-- Default suite -->
</testng-results>
